<?xml version="1.0" encoding="UTF-8"?>
<!-- Generated by org.testng.reporters.JUnitReportReporter -->
<testsuite hostname="LAPTOP-C1S9VL17" failures="0" tests="1" name="com.orangehr.testCases.TC_Login_001" time="11.127" errors="0" timestamp="2021-05-16T23:06:30 IST" skipped="0">
  <testcase classname="com.orangehr.testCases.TC_Login_001" name="LoginTC" time="11.127"/>
  <system-out/>
</testsuite> <!-- com.orangehr.testCases.TC_Login_001 -->
